<?xml version="1.0" encoding="UTF-8"?>
<!-- Generated by org.testng.reporters.JUnitReportReporter -->
<testsuite hostname="LAPTOP-1BGLIOF3" failures="0" tests="4" name="banking.obs.practice.Demo" time="0.028" errors="0" timestamp="2023-03-03T17:33:30 IST" skipped="0">
  <testcase classname="banking.obs.practice.Demo" name="modifyTest" time="0.004"/>
  <system-out/>
  <testcase classname="banking.obs.practice.Demo" name="deleteTest" time="0.003"/>
  <system-out/>
  <testcase classname="banking.obs.practice.Demo" name="createTest" time="0.013"/>
  <system-out/>
  <testcase classname="banking.obs.practice.Demo" name="modifyTest" time="0.008"/>
  <system-out/>
</testsuite> <!-- banking.obs.practice.Demo -->
