<?xml version="1.0" encoding="UTF-8"?>
<!-- Generated by org.testng.reporters.JUnitReportReporter -->
<testsuite hostname="LAPTOP-1BGLIOF3" failures="0" tests="1" name="banking.obs.customer.ApplyDebitCardAndRegisterForIBTest" time="8.341" errors="0" timestamp="2023-03-03T11:16:01 IST" skipped="0">
  <testcase classname="banking.obs.customer.ApplyDebitCardAndRegisterForIBTest" name="AplyDebitcardAndRegd" time="8.341"/>
  <system-out/>
</testsuite> <!-- banking.obs.customer.ApplyDebitCardAndRegisterForIBTest -->
