<?xml version="1.0" encoding="UTF-8"?>
<!-- Generated by org.testng.reporters.JUnitReportReporter -->
<testsuite hostname="LAPTOP-1BGLIOF3" failures="0" tests="1" name="banking.obs.staff.CreateCustomerAndApproveByStaffTest" time="13.043" errors="0" timestamp="2023-03-03T15:03:18 IST" skipped="0">
  <testcase classname="banking.obs.staff.CreateCustomerAndApproveByStaffTest" name="createCustomerAccountAndApprove" time="13.043"/>
  <system-out/>
</testsuite> <!-- banking.obs.staff.CreateCustomerAndApproveByStaffTest -->
